2024-03-26T19:40:43.920Z [Modules] Modules initializing
2024-03-26T19:40:43.920Z [Modules] Distribution: remote
2024-03-26T19:40:43.920Z [Modules] Host updates: enabled
2024-03-26T19:40:43.921Z [Modules] Module updates: enabled
2024-03-26T19:40:43.921Z [Modules] Module install path: /home/toopsi/.config/discord/0.0.47/modules
2024-03-26T19:40:43.921Z [Modules] Module installed file path: /home/toopsi/.config/discord/0.0.47/modules/installed.json
2024-03-26T19:40:43.921Z [Modules] Module download path: /home/toopsi/.config/discord/0.0.47/modules/pending
2024-03-26T19:40:53.553Z [Modules] Bootstrapping...
2024-03-26T19:40:53.553Z [Modules] Installing discord_desktop_core@0 from /usr/bin/Discord/resources/bootstrap/discord_desktop_core.zip
2024-03-26T19:40:53.557Z [Modules] Failed installing discord_desktop_core@0: Error: ENOENT: no such file or directory, open '/usr/bin/Discord/resources/bootstrap/discord_desktop_core.zip'
2024-03-26T19:40:53.558Z [Modules] Installing discord_erlpack@0 from /usr/bin/Discord/resources/bootstrap/discord_erlpack.zip
2024-03-26T19:40:53.559Z [Modules] Failed installing discord_erlpack@0: Error: ENOENT: no such file or directory, open '/usr/bin/Discord/resources/bootstrap/discord_erlpack.zip'
2024-03-26T19:40:53.559Z [Modules] Installing discord_spellcheck@0 from /usr/bin/Discord/resources/bootstrap/discord_spellcheck.zip
2024-03-26T19:40:53.560Z [Modules] Failed installing discord_spellcheck@0: Error: ENOENT: no such file or directory, open '/usr/bin/Discord/resources/bootstrap/discord_spellcheck.zip'
2024-03-26T19:40:53.561Z [Modules] Installing discord_utils@0 from /usr/bin/Discord/resources/bootstrap/discord_utils.zip
2024-03-26T19:40:53.562Z [Modules] Failed installing discord_utils@0: Error: ENOENT: no such file or directory, open '/usr/bin/Discord/resources/bootstrap/discord_utils.zip'
2024-03-26T19:40:53.562Z [Modules] Installing discord_voice@0 from /usr/bin/Discord/resources/bootstrap/discord_voice.zip
2024-03-26T19:40:53.563Z [Modules] Failed installing discord_voice@0: Error: ENOENT: no such file or directory, open '/usr/bin/Discord/resources/bootstrap/discord_voice.zip'
2024-03-26T19:40:53.564Z [Modules] Finished module installations. [success: 0] [failure: 5]
2024-03-26T19:40:53.564Z [Modules] Checking for host updates.
2024-03-26T19:40:59.051Z [Modules] Modules initializing
2024-03-26T19:40:59.052Z [Modules] Distribution: remote
2024-03-26T19:40:59.052Z [Modules] Host updates: enabled
2024-03-26T19:40:59.052Z [Modules] Module updates: enabled
2024-03-26T19:40:59.052Z [Modules] Module install path: /home/toopsi/.config/discord/0.0.47/modules
2024-03-26T19:40:59.052Z [Modules] Module installed file path: /home/toopsi/.config/discord/0.0.47/modules/installed.json
2024-03-26T19:40:59.052Z [Modules] Module download path: /home/toopsi/.config/discord/0.0.47/modules/pending
2024-03-26T19:40:59.250Z [Modules] No updates to install
2024-03-26T19:40:59.251Z [Modules] Checking for host updates.
2024-03-26T19:40:59.557Z [Modules] Host is up to date.
2024-03-26T19:40:59.558Z [Modules] Checking for module updates at https://discord.com/api/modules/stable/versions.json
2024-03-26T19:40:59.614Z [Modules] Module update available: discord_desktop_core@1 [installed: 0]
2024-03-26T19:40:59.614Z [Modules] Module update available: discord_erlpack@1 [installed: 0]
2024-03-26T19:40:59.614Z [Modules] Module update available: discord_spellcheck@1 [installed: 0]
2024-03-26T19:40:59.614Z [Modules] Module update available: discord_utils@1 [installed: 0]
2024-03-26T19:40:59.614Z [Modules] Module update available: discord_voice@1 [installed: 0]
2024-03-26T19:40:59.614Z [Modules] Fetching discord_desktop_core@1 from https://discord.com/api/modules/stable/discord_desktop_core/1
2024-03-26T19:40:59.614Z [Modules] Streaming discord_desktop_core@1 to /home/toopsi/.config/discord/0.0.47/modules/pending/discord_desktop_core-1.zip
2024-03-26T19:40:59.972Z [Modules] Streaming discord_desktop_core@1 to /home/toopsi/.config/discord/0.0.47/modules/pending/discord_desktop_core-1.zip: 1%
2024-03-26T19:41:00.003Z [Modules] Streaming discord_desktop_core@1 to /home/toopsi/.config/discord/0.0.47/modules/pending/discord_desktop_core-1.zip: 2%
2024-03-26T19:41:00.040Z [Modules] Streaming discord_desktop_core@1 to /home/toopsi/.config/discord/0.0.47/modules/pending/discord_desktop_core-1.zip: 3%
2024-03-26T19:41:00.051Z [Modules] Streaming discord_desktop_core@1 to /home/toopsi/.config/discord/0.0.47/modules/pending/discord_desktop_core-1.zip: 5%
2024-03-26T19:41:00.056Z [Modules] Streaming discord_desktop_core@1 to /home/toopsi/.config/discord/0.0.47/modules/pending/discord_desktop_core-1.zip: 6%
2024-03-26T19:41:00.066Z [Modules] Streaming discord_desktop_core@1 to /home/toopsi/.config/discord/0.0.47/modules/pending/discord_desktop_core-1.zip: 7%
2024-03-26T19:41:00.083Z [Modules] Streaming discord_desktop_core@1 to /home/toopsi/.config/discord/0.0.47/modules/pending/discord_desktop_core-1.zip: 10%
2024-03-26T19:41:00.088Z [Modules] Streaming discord_desktop_core@1 to /home/toopsi/.config/discord/0.0.47/modules/pending/discord_desktop_core-1.zip: 13%
2024-03-26T19:41:00.090Z [Modules] Streaming discord_desktop_core@1 to /home/toopsi/.config/discord/0.0.47/modules/pending/discord_desktop_core-1.zip: 16%
2024-03-26T19:41:00.093Z [Modules] Streaming discord_desktop_core@1 to /home/toopsi/.config/discord/0.0.47/modules/pending/discord_desktop_core-1.zip: 17%
2024-03-26T19:41:00.114Z [Modules] Streaming discord_desktop_core@1 to /home/toopsi/.config/discord/0.0.47/modules/pending/discord_desktop_core-1.zip: 18%
2024-03-26T19:41:00.120Z [Modules] Streaming discord_desktop_core@1 to /home/toopsi/.config/discord/0.0.47/modules/pending/discord_desktop_core-1.zip: 20%
2024-03-26T19:41:00.126Z [Modules] Streaming discord_desktop_core@1 to /home/toopsi/.config/discord/0.0.47/modules/pending/discord_desktop_core-1.zip: 22%
2024-03-26T19:41:00.127Z [Modules] Streaming discord_desktop_core@1 to /home/toopsi/.config/discord/0.0.47/modules/pending/discord_desktop_core-1.zip: 25%
2024-03-26T19:41:00.131Z [Modules] Streaming discord_desktop_core@1 to /home/toopsi/.config/discord/0.0.47/modules/pending/discord_desktop_core-1.zip: 27%
2024-03-26T19:41:00.136Z [Modules] Streaming discord_desktop_core@1 to /home/toopsi/.config/discord/0.0.47/modules/pending/discord_desktop_core-1.zip: 29%
2024-03-26T19:41:00.142Z [Modules] Streaming discord_desktop_core@1 to /home/toopsi/.config/discord/0.0.47/modules/pending/discord_desktop_core-1.zip: 31%
2024-03-26T19:41:00.146Z [Modules] Streaming discord_desktop_core@1 to /home/toopsi/.config/discord/0.0.47/modules/pending/discord_desktop_core-1.zip: 34%
2024-03-26T19:41:00.152Z [Modules] Streaming discord_desktop_core@1 to /home/toopsi/.config/discord/0.0.47/modules/pending/discord_desktop_core-1.zip: 37%
2024-03-26T19:41:00.158Z [Modules] Streaming discord_desktop_core@1 to /home/toopsi/.config/discord/0.0.47/modules/pending/discord_desktop_core-1.zip: 39%
2024-03-26T19:41:00.160Z [Modules] Streaming discord_desktop_core@1 to /home/toopsi/.config/discord/0.0.47/modules/pending/discord_desktop_core-1.zip: 40%
2024-03-26T19:41:00.173Z [Modules] Streaming discord_desktop_core@1 to /home/toopsi/.config/discord/0.0.47/modules/pending/discord_desktop_core-1.zip: 41%
2024-03-26T19:41:00.179Z [Modules] Streaming discord_desktop_core@1 to /home/toopsi/.config/discord/0.0.47/modules/pending/discord_desktop_core-1.zip: 43%
2024-03-26T19:41:00.182Z [Modules] Streaming discord_desktop_core@1 to /home/toopsi/.config/discord/0.0.47/modules/pending/discord_desktop_core-1.zip: 46%
2024-03-26T19:41:00.183Z [Modules] Streaming discord_desktop_core@1 to /home/toopsi/.config/discord/0.0.47/modules/pending/discord_desktop_core-1.zip: 48%
2024-03-26T19:41:00.190Z [Modules] Streaming discord_desktop_core@1 to /home/toopsi/.config/discord/0.0.47/modules/pending/discord_desktop_core-1.zip: 50%
2024-03-26T19:41:00.191Z [Modules] Streaming discord_desktop_core@1 to /home/toopsi/.config/discord/0.0.47/modules/pending/discord_desktop_core-1.zip: 53%
2024-03-26T19:41:00.194Z [Modules] Streaming discord_desktop_core@1 to /home/toopsi/.config/discord/0.0.47/modules/pending/discord_desktop_core-1.zip: 56%
2024-03-26T19:41:00.200Z [Modules] Streaming discord_desktop_core@1 to /home/toopsi/.config/discord/0.0.47/modules/pending/discord_desktop_core-1.zip: 57%
2024-03-26T19:41:00.205Z [Modules] Streaming discord_desktop_core@1 to /home/toopsi/.config/discord/0.0.47/modules/pending/discord_desktop_core-1.zip: 60%
2024-03-26T19:41:00.208Z [Modules] Streaming discord_desktop_core@1 to /home/toopsi/.config/discord/0.0.47/modules/pending/discord_desktop_core-1.zip: 63%
2024-03-26T19:41:00.209Z [Modules] Streaming discord_desktop_core@1 to /home/toopsi/.config/discord/0.0.47/modules/pending/discord_desktop_core-1.zip: 66%
2024-03-26T19:41:00.211Z [Modules] Streaming discord_desktop_core@1 to /home/toopsi/.config/discord/0.0.47/modules/pending/discord_desktop_core-1.zip: 69%
2024-03-26T19:41:00.215Z [Modules] Streaming discord_desktop_core@1 to /home/toopsi/.config/discord/0.0.47/modules/pending/discord_desktop_core-1.zip: 71%
2024-03-26T19:41:00.253Z [Modules] Streaming discord_desktop_core@1 to /home/toopsi/.config/discord/0.0.47/modules/pending/discord_desktop_core-1.zip: 72%
2024-03-26T19:41:00.259Z [Modules] Streaming discord_desktop_core@1 to /home/toopsi/.config/discord/0.0.47/modules/pending/discord_desktop_core-1.zip: 74%
2024-03-26T19:41:00.261Z [Modules] Streaming discord_desktop_core@1 to /home/toopsi/.config/discord/0.0.47/modules/pending/discord_desktop_core-1.zip: 77%
2024-03-26T19:41:00.263Z [Modules] Streaming discord_desktop_core@1 to /home/toopsi/.config/discord/0.0.47/modules/pending/discord_desktop_core-1.zip: 80%
2024-03-26T19:41:00.270Z [Modules] Streaming discord_desktop_core@1 to /home/toopsi/.config/discord/0.0.47/modules/pending/discord_desktop_core-1.zip: 82%
2024-03-26T19:41:00.272Z [Modules] Streaming discord_desktop_core@1 to /home/toopsi/.config/discord/0.0.47/modules/pending/discord_desktop_core-1.zip: 85%
2024-03-26T19:41:00.273Z [Modules] Streaming discord_desktop_core@1 to /home/toopsi/.config/discord/0.0.47/modules/pending/discord_desktop_core-1.zip: 88%
2024-03-26T19:41:00.275Z [Modules] Streaming discord_desktop_core@1 to /home/toopsi/.config/discord/0.0.47/modules/pending/discord_desktop_core-1.zip: 90%
2024-03-26T19:41:00.280Z [Modules] Streaming discord_desktop_core@1 to /home/toopsi/.config/discord/0.0.47/modules/pending/discord_desktop_core-1.zip: 91%
2024-03-26T19:41:00.284Z [Modules] Streaming discord_desktop_core@1 to /home/toopsi/.config/discord/0.0.47/modules/pending/discord_desktop_core-1.zip: 94%
2024-03-26T19:41:00.286Z [Modules] Streaming discord_desktop_core@1 to /home/toopsi/.config/discord/0.0.47/modules/pending/discord_desktop_core-1.zip: 95%
2024-03-26T19:41:00.287Z [Modules] Streaming discord_desktop_core@1 to /home/toopsi/.config/discord/0.0.47/modules/pending/discord_desktop_core-1.zip: 98%
2024-03-26T19:41:00.288Z [Modules] Streaming discord_desktop_core@1 to /home/toopsi/.config/discord/0.0.47/modules/pending/discord_desktop_core-1.zip: 100%
2024-03-26T19:41:00.290Z [Modules] Fetching discord_erlpack@1 from https://discord.com/api/modules/stable/discord_erlpack/1
2024-03-26T19:41:00.290Z [Modules] Streaming discord_erlpack@1 to /home/toopsi/.config/discord/0.0.47/modules/pending/discord_erlpack-1.zip
2024-03-26T19:41:00.488Z [Modules] Streaming discord_erlpack@1 to /home/toopsi/.config/discord/0.0.47/modules/pending/discord_erlpack-1.zip: 4%
2024-03-26T19:41:00.489Z [Modules] Streaming discord_erlpack@1 to /home/toopsi/.config/discord/0.0.47/modules/pending/discord_erlpack-1.zip: 5%
2024-03-26T19:41:00.490Z [Modules] Streaming discord_erlpack@1 to /home/toopsi/.config/discord/0.0.47/modules/pending/discord_erlpack-1.zip: 8%
2024-03-26T19:41:00.494Z [Modules] Streaming discord_erlpack@1 to /home/toopsi/.config/discord/0.0.47/modules/pending/discord_erlpack-1.zip: 11%
2024-03-26T19:41:00.498Z [Modules] Streaming discord_erlpack@1 to /home/toopsi/.config/discord/0.0.47/modules/pending/discord_erlpack-1.zip: 14%
2024-03-26T19:41:00.499Z [Modules] Streaming discord_erlpack@1 to /home/toopsi/.config/discord/0.0.47/modules/pending/discord_erlpack-1.zip: 17%
2024-03-26T19:41:00.500Z [Modules] Streaming discord_erlpack@1 to /home/toopsi/.config/discord/0.0.47/modules/pending/discord_erlpack-1.zip: 21%
2024-03-26T19:41:00.502Z [Modules] Streaming discord_erlpack@1 to /home/toopsi/.config/discord/0.0.47/modules/pending/discord_erlpack-1.zip: 24%
2024-03-26T19:41:00.503Z [Modules] Streaming discord_erlpack@1 to /home/toopsi/.config/discord/0.0.47/modules/pending/discord_erlpack-1.zip: 28%
2024-03-26T19:41:00.510Z [Modules] Streaming discord_erlpack@1 to /home/toopsi/.config/discord/0.0.47/modules/pending/discord_erlpack-1.zip: 29%
2024-03-26T19:41:00.512Z [Modules] Streaming discord_erlpack@1 to /home/toopsi/.config/discord/0.0.47/modules/pending/discord_erlpack-1.zip: 33%
2024-03-26T19:41:00.514Z [Modules] Streaming discord_erlpack@1 to /home/toopsi/.config/discord/0.0.47/modules/pending/discord_erlpack-1.zip: 34%
2024-03-26T19:41:00.519Z [Modules] Streaming discord_erlpack@1 to /home/toopsi/.config/discord/0.0.47/modules/pending/discord_erlpack-1.zip: 37%
2024-03-26T19:41:00.525Z [Modules] Streaming discord_erlpack@1 to /home/toopsi/.config/discord/0.0.47/modules/pending/discord_erlpack-1.zip: 40%
2024-03-26T19:41:00.528Z [Modules] Streaming discord_erlpack@1 to /home/toopsi/.config/discord/0.0.47/modules/pending/discord_erlpack-1.zip: 44%
2024-03-26T19:41:00.528Z [Modules] Streaming discord_erlpack@1 to /home/toopsi/.config/discord/0.0.47/modules/pending/discord_erlpack-1.zip: 45%
2024-03-26T19:41:00.529Z [Modules] Streaming discord_erlpack@1 to /home/toopsi/.config/discord/0.0.47/modules/pending/discord_erlpack-1.zip: 49%
2024-03-26T19:41:00.531Z [Modules] Streaming discord_erlpack@1 to /home/toopsi/.config/discord/0.0.47/modules/pending/discord_erlpack-1.zip: 51%
2024-03-26T19:41:00.535Z [Modules] Streaming discord_erlpack@1 to /home/toopsi/.config/discord/0.0.47/modules/pending/discord_erlpack-1.zip: 54%
2024-03-26T19:41:00.538Z [Modules] Streaming discord_erlpack@1 to /home/toopsi/.config/discord/0.0.47/modules/pending/discord_erlpack-1.zip: 57%
2024-03-26T19:41:00.539Z [Modules] Streaming discord_erlpack@1 to /home/toopsi/.config/discord/0.0.47/modules/pending/discord_erlpack-1.zip: 61%
2024-03-26T19:41:00.541Z [Modules] Streaming discord_erlpack@1 to /home/toopsi/.config/discord/0.0.47/modules/pending/discord_erlpack-1.zip: 63%
2024-03-26T19:41:00.546Z [Modules] Streaming discord_erlpack@1 to /home/toopsi/.config/discord/0.0.47/modules/pending/discord_erlpack-1.zip: 67%
2024-03-26T19:41:00.547Z [Modules] Streaming discord_erlpack@1 to /home/toopsi/.config/discord/0.0.47/modules/pending/discord_erlpack-1.zip: 70%
2024-03-26T19:41:00.552Z [Modules] Streaming discord_erlpack@1 to /home/toopsi/.config/discord/0.0.47/modules/pending/discord_erlpack-1.zip: 72%
2024-03-26T19:41:00.558Z [Modules] Streaming discord_erlpack@1 to /home/toopsi/.config/discord/0.0.47/modules/pending/discord_erlpack-1.zip: 75%
2024-03-26T19:41:00.559Z [Modules] Streaming discord_erlpack@1 to /home/toopsi/.config/discord/0.0.47/modules/pending/discord_erlpack-1.zip: 79%
2024-03-26T19:41:00.560Z [Modules] Streaming discord_erlpack@1 to /home/toopsi/.config/discord/0.0.47/modules/pending/discord_erlpack-1.zip: 80%
2024-03-26T19:41:00.562Z [Modules] Streaming discord_erlpack@1 to /home/toopsi/.config/discord/0.0.47/modules/pending/discord_erlpack-1.zip: 83%
2024-03-26T19:41:00.568Z [Modules] Streaming discord_erlpack@1 to /home/toopsi/.config/discord/0.0.47/modules/pending/discord_erlpack-1.zip: 86%
2024-03-26T19:41:00.570Z [Modules] Streaming discord_erlpack@1 to /home/toopsi/.config/discord/0.0.47/modules/pending/discord_erlpack-1.zip: 90%
2024-03-26T19:41:00.571Z [Modules] Streaming discord_erlpack@1 to /home/toopsi/.config/discord/0.0.47/modules/pending/discord_erlpack-1.zip: 91%
2024-03-26T19:41:00.573Z [Modules] Streaming discord_erlpack@1 to /home/toopsi/.config/discord/0.0.47/modules/pending/discord_erlpack-1.zip: 92%
2024-03-26T19:41:00.578Z [Modules] Streaming discord_erlpack@1 to /home/toopsi/.config/discord/0.0.47/modules/pending/discord_erlpack-1.zip: 95%
2024-03-26T19:41:00.579Z [Modules] Streaming discord_erlpack@1 to /home/toopsi/.config/discord/0.0.47/modules/pending/discord_erlpack-1.zip: 98%
2024-03-26T19:41:00.580Z [Modules] Streaming discord_erlpack@1 to /home/toopsi/.config/discord/0.0.47/modules/pending/discord_erlpack-1.zip: 100%
2024-03-26T19:41:00.581Z [Modules] Fetching discord_spellcheck@1 from https://discord.com/api/modules/stable/discord_spellcheck/1
2024-03-26T19:41:00.581Z [Modules] Streaming discord_spellcheck@1 to /home/toopsi/.config/discord/0.0.47/modules/pending/discord_spellcheck-1.zip
2024-03-26T19:41:00.810Z [Modules] Streaming discord_spellcheck@1 to /home/toopsi/.config/discord/0.0.47/modules/pending/discord_spellcheck-1.zip: 1%
2024-03-26T19:41:00.813Z [Modules] Streaming discord_spellcheck@1 to /home/toopsi/.config/discord/0.0.47/modules/pending/discord_spellcheck-1.zip: 2%
2024-03-26T19:41:00.819Z [Modules] Streaming discord_spellcheck@1 to /home/toopsi/.config/discord/0.0.47/modules/pending/discord_spellcheck-1.zip: 3%
2024-03-26T19:41:00.823Z [Modules] Streaming discord_spellcheck@1 to /home/toopsi/.config/discord/0.0.47/modules/pending/discord_spellcheck-1.zip: 4%
2024-03-26T19:41:00.831Z [Modules] Streaming discord_spellcheck@1 to /home/toopsi/.config/discord/0.0.47/modules/pending/discord_spellcheck-1.zip: 5%
2024-03-26T19:41:00.841Z [Modules] Streaming discord_spellcheck@1 to /home/toopsi/.config/discord/0.0.47/modules/pending/discord_spellcheck-1.zip: 6%
2024-03-26T19:41:00.845Z [Modules] Streaming discord_spellcheck@1 to /home/toopsi/.config/discord/0.0.47/modules/pending/discord_spellcheck-1.zip: 7%
2024-03-26T19:41:00.848Z [Modules] Streaming discord_spellcheck@1 to /home/toopsi/.config/discord/0.0.47/modules/pending/discord_spellcheck-1.zip: 8%
2024-03-26T19:41:00.849Z [Modules] Streaming discord_spellcheck@1 to /home/toopsi/.config/discord/0.0.47/modules/pending/discord_spellcheck-1.zip: 9%
2024-03-26T19:41:00.856Z [Modules] Streaming discord_spellcheck@1 to /home/toopsi/.config/discord/0.0.47/modules/pending/discord_spellcheck-1.zip: 10%
2024-03-26T19:41:00.859Z [Modules] Streaming discord_spellcheck@1 to /home/toopsi/.config/discord/0.0.47/modules/pending/discord_spellcheck-1.zip: 11%
2024-03-26T19:41:00.862Z [Modules] Streaming discord_spellcheck@1 to /home/toopsi/.config/discord/0.0.47/modules/pending/discord_spellcheck-1.zip: 12%
2024-03-26T19:41:00.867Z [Modules] Streaming discord_spellcheck@1 to /home/toopsi/.config/discord/0.0.47/modules/pending/discord_spellcheck-1.zip: 13%
2024-03-26T19:41:00.871Z [Modules] Streaming discord_spellcheck@1 to /home/toopsi/.config/discord/0.0.47/modules/pending/discord_spellcheck-1.zip: 14%
2024-03-26T19:41:00.877Z [Modules] Streaming discord_spellcheck@1 to /home/toopsi/.config/discord/0.0.47/modules/pending/discord_spellcheck-1.zip: 15%
2024-03-26T19:41:00.879Z [Modules] Streaming discord_spellcheck@1 to /home/toopsi/.config/discord/0.0.47/modules/pending/discord_spellcheck-1.zip: 16%
2024-03-26T19:41:00.880Z [Modules] Streaming discord_spellcheck@1 to /home/toopsi/.config/discord/0.0.47/modules/pending/discord_spellcheck-1.zip: 17%
2024-03-26T19:41:00.889Z [Modules] Streaming discord_spellcheck@1 to /home/toopsi/.config/discord/0.0.47/modules/pending/discord_spellcheck-1.zip: 18%
2024-03-26T19:41:00.891Z [Modules] Streaming discord_spellcheck@1 to /home/toopsi/.config/discord/0.0.47/modules/pending/discord_spellcheck-1.zip: 19%
2024-03-26T19:41:00.898Z [Modules] Streaming discord_spellcheck@1 to /home/toopsi/.config/discord/0.0.47/modules/pending/discord_spellcheck-1.zip: 20%
2024-03-26T19:41:00.900Z [Modules] Streaming discord_spellcheck@1 to /home/toopsi/.config/discord/0.0.47/modules/pending/discord_spellcheck-1.zip: 21%
2024-03-26T19:41:00.901Z [Modules] Streaming discord_spellcheck@1 to /home/toopsi/.config/discord/0.0.47/modules/pending/discord_spellcheck-1.zip: 22%
2024-03-26T19:41:00.910Z [Modules] Streaming discord_spellcheck@1 to /home/toopsi/.config/discord/0.0.47/modules/pending/discord_spellcheck-1.zip: 23%
2024-03-26T19:41:00.913Z [Modules] Streaming discord_spellcheck@1 to /home/toopsi/.config/discord/0.0.47/modules/pending/discord_spellcheck-1.zip: 24%
2024-03-26T19:41:00.925Z [Modules] Streaming discord_spellcheck@1 to /home/toopsi/.config/discord/0.0.47/modules/pending/discord_spellcheck-1.zip: 25%
2024-03-26T19:41:00.926Z [Modules] Streaming discord_spellcheck@1 to /home/toopsi/.config/discord/0.0.47/modules/pending/discord_spellcheck-1.zip: 26%
2024-03-26T19:41:00.928Z [Modules] Streaming discord_spellcheck@1 to /home/toopsi/.config/discord/0.0.47/modules/pending/discord_spellcheck-1.zip: 27%
2024-03-26T19:41:00.936Z [Modules] Streaming discord_spellcheck@1 to /home/toopsi/.config/discord/0.0.47/modules/pending/discord_spellcheck-1.zip: 28%
2024-03-26T19:41:00.939Z [Modules] Streaming discord_spellcheck@1 to /home/toopsi/.config/discord/0.0.47/modules/pending/discord_spellcheck-1.zip: 29%
2024-03-26T19:41:00.940Z [Modules] Streaming discord_spellcheck@1 to /home/toopsi/.config/discord/0.0.47/modules/pending/discord_spellcheck-1.zip: 30%
2024-03-26T19:41:00.948Z [Modules] Streaming discord_spellcheck@1 to /home/toopsi/.config/discord/0.0.47/modules/pending/discord_spellcheck-1.zip: 31%
2024-03-26T19:41:00.949Z [Modules] Streaming discord_spellcheck@1 to /home/toopsi/.config/discord/0.0.47/modules/pending/discord_spellcheck-1.zip: 32%
2024-03-26T19:41:00.952Z [Modules] Streaming discord_spellcheck@1 to /home/toopsi/.config/discord/0.0.47/modules/pending/discord_spellcheck-1.zip: 33%
2024-03-26T19:41:00.958Z [Modules] Streaming discord_spellcheck@1 to /home/toopsi/.config/discord/0.0.47/modules/pending/discord_spellcheck-1.zip: 34%
2024-03-26T19:41:00.959Z [Modules] Streaming discord_spellcheck@1 to /home/toopsi/.config/discord/0.0.47/modules/pending/discord_spellcheck-1.zip: 35%
2024-03-26T19:41:00.962Z [Modules] Streaming discord_spellcheck@1 to /home/toopsi/.config/discord/0.0.47/modules/pending/discord_spellcheck-1.zip: 36%
2024-03-26T19:41:00.968Z [Modules] Streaming discord_spellcheck@1 to /home/toopsi/.config/discord/0.0.47/modules/pending/discord_spellcheck-1.zip: 37%
2024-03-26T19:41:00.970Z [Modules] Streaming discord_spellcheck@1 to /home/toopsi/.config/discord/0.0.47/modules/pending/discord_spellcheck-1.zip: 38%
2024-03-26T19:41:00.972Z [Modules] Streaming discord_spellcheck@1 to /home/toopsi/.config/discord/0.0.47/modules/pending/discord_spellcheck-1.zip: 39%
2024-03-26T19:41:00.978Z [Modules] Streaming discord_spellcheck@1 to /home/toopsi/.config/discord/0.0.47/modules/pending/discord_spellcheck-1.zip: 40%
2024-03-26T19:41:00.979Z [Modules] Streaming discord_spellcheck@1 to /home/toopsi/.config/discord/0.0.47/modules/pending/discord_spellcheck-1.zip: 41%
2024-03-26T19:41:00.982Z [Modules] Streaming discord_spellcheck@1 to /home/toopsi/.config/discord/0.0.47/modules/pending/discord_spellcheck-1.zip: 42%
2024-03-26T19:41:01.008Z [Modules] Streaming discord_spellcheck@1 to /home/toopsi/.config/discord/0.0.47/modules/pending/discord_spellcheck-1.zip: 48%
2024-03-26T19:41:01.009Z [Modules] Streaming discord_spellcheck@1 to /home/toopsi/.config/discord/0.0.47/modules/pending/discord_spellcheck-1.zip: 49%
2024-03-26T19:41:01.016Z [Modules] Streaming discord_spellcheck@1 to /home/toopsi/.config/discord/0.0.47/modules/pending/discord_spellcheck-1.zip: 50%
2024-03-26T19:41:01.018Z [Modules] Streaming discord_spellcheck@1 to /home/toopsi/.config/discord/0.0.47/modules/pending/discord_spellcheck-1.zip: 51%
2024-03-26T19:41:01.020Z [Modules] Streaming discord_spellcheck@1 to /home/toopsi/.config/discord/0.0.47/modules/pending/discord_spellcheck-1.zip: 52%
2024-03-26T19:41:01.028Z [Modules] Streaming discord_spellcheck@1 to /home/toopsi/.config/discord/0.0.47/modules/pending/discord_spellcheck-1.zip: 53%
2024-03-26T19:41:01.029Z [Modules] Streaming discord_spellcheck@1 to /home/toopsi/.config/discord/0.0.47/modules/pending/discord_spellcheck-1.zip: 54%
2024-03-26T19:41:01.032Z [Modules] Streaming discord_spellcheck@1 to /home/toopsi/.config/discord/0.0.47/modules/pending/discord_spellcheck-1.zip: 55%
2024-03-26T19:41:01.038Z [Modules] Streaming discord_spellcheck@1 to /home/toopsi/.config/discord/0.0.47/modules/pending/discord_spellcheck-1.zip: 56%
2024-03-26T19:41:01.039Z [Modules] Streaming discord_spellcheck@1 to /home/toopsi/.config/discord/0.0.47/modules/pending/discord_spellcheck-1.zip: 57%
2024-03-26T19:41:01.042Z [Modules] Streaming discord_spellcheck@1 to /home/toopsi/.config/discord/0.0.47/modules/pending/discord_spellcheck-1.zip: 58%
2024-03-26T19:41:01.049Z [Modules] Streaming discord_spellcheck@1 to /home/toopsi/.config/discord/0.0.47/modules/pending/discord_spellcheck-1.zip: 59%
2024-03-26T19:41:01.051Z [Modules] Streaming discord_spellcheck@1 to /home/toopsi/.config/discord/0.0.47/modules/pending/discord_spellcheck-1.zip: 60%
2024-03-26T19:41:01.053Z [Modules] Streaming discord_spellcheck@1 to /home/toopsi/.config/discord/0.0.47/modules/pending/discord_spellcheck-1.zip: 61%
2024-03-26T19:41:01.059Z [Modules] Streaming discord_spellcheck@1 to /home/toopsi/.config/discord/0.0.47/modules/pending/discord_spellcheck-1.zip: 62%
2024-03-26T19:41:01.061Z [Modules] Streaming discord_spellcheck@1 to /home/toopsi/.config/discord/0.0.47/modules/pending/discord_spellcheck-1.zip: 63%
2024-03-26T19:41:01.063Z [Modules] Streaming discord_spellcheck@1 to /home/toopsi/.config/discord/0.0.47/modules/pending/discord_spellcheck-1.zip: 64%
2024-03-26T19:41:01.070Z [Modules] Streaming discord_spellcheck@1 to /home/toopsi/.config/discord/0.0.47/modules/pending/discord_spellcheck-1.zip: 65%
2024-03-26T19:41:01.071Z [Modules] Streaming discord_spellcheck@1 to /home/toopsi/.config/discord/0.0.47/modules/pending/discord_spellcheck-1.zip: 66%
2024-03-26T19:41:01.075Z [Modules] Streaming discord_spellcheck@1 to /home/toopsi/.config/discord/0.0.47/modules/pending/discord_spellcheck-1.zip: 67%
2024-03-26T19:41:01.085Z [Modules] Streaming discord_spellcheck@1 to /home/toopsi/.config/discord/0.0.47/modules/pending/discord_spellcheck-1.zip: 68%
2024-03-26T19:41:01.087Z [Modules] Streaming discord_spellcheck@1 to /home/toopsi/.config/discord/0.0.47/modules/pending/discord_spellcheck-1.zip: 69%
2024-03-26T19:41:01.089Z [Modules] Streaming discord_spellcheck@1 to /home/toopsi/.config/discord/0.0.47/modules/pending/discord_spellcheck-1.zip: 70%
2024-03-26T19:41:01.096Z [Modules] Streaming discord_spellcheck@1 to /home/toopsi/.config/discord/0.0.47/modules/pending/discord_spellcheck-1.zip: 71%
2024-03-26T19:41:01.098Z [Modules] Streaming discord_spellcheck@1 to /home/toopsi/.config/discord/0.0.47/modules/pending/discord_spellcheck-1.zip: 72%
2024-03-26T19:41:01.100Z [Modules] Streaming discord_spellcheck@1 to /home/toopsi/.config/discord/0.0.47/modules/pending/discord_spellcheck-1.zip: 73%
2024-03-26T19:41:01.106Z [Modules] Streaming discord_spellcheck@1 to /home/toopsi/.config/discord/0.0.47/modules/pending/discord_spellcheck-1.zip: 74%
2024-03-26T19:41:01.109Z [Modules] Streaming discord_spellcheck@1 to /home/toopsi/.config/discord/0.0.47/modules/pending/discord_spellcheck-1.zip: 75%
2024-03-26T19:41:01.110Z [Modules] Streaming discord_spellcheck@1 to /home/toopsi/.config/discord/0.0.47/modules/pending/discord_spellcheck-1.zip: 76%
2024-03-26T19:41:01.117Z [Modules] Streaming discord_spellcheck@1 to /home/toopsi/.config/discord/0.0.47/modules/pending/discord_spellcheck-1.zip: 77%
2024-03-26T19:41:01.119Z [Modules] Streaming discord_spellcheck@1 to /home/toopsi/.config/discord/0.0.47/modules/pending/discord_spellcheck-1.zip: 78%
2024-03-26T19:41:01.120Z [Modules] Streaming discord_spellcheck@1 to /home/toopsi/.config/discord/0.0.47/modules/pending/discord_spellcheck-1.zip: 79%
2024-03-26T19:41:01.127Z [Modules] Streaming discord_spellcheck@1 to /home/toopsi/.config/discord/0.0.47/modules/pending/discord_spellcheck-1.zip: 80%
2024-03-26T19:41:01.129Z [Modules] Streaming discord_spellcheck@1 to /home/toopsi/.config/discord/0.0.47/modules/pending/discord_spellcheck-1.zip: 81%
2024-03-26T19:41:01.131Z [Modules] Streaming discord_spellcheck@1 to /home/toopsi/.config/discord/0.0.47/modules/pending/discord_spellcheck-1.zip: 82%
2024-03-26T19:41:01.138Z [Modules] Streaming discord_spellcheck@1 to /home/toopsi/.config/discord/0.0.47/modules/pending/discord_spellcheck-1.zip: 83%
2024-03-26T19:41:01.139Z [Modules] Streaming discord_spellcheck@1 to /home/toopsi/.config/discord/0.0.47/modules/pending/discord_spellcheck-1.zip: 84%
2024-03-26T19:41:01.142Z [Modules] Streaming discord_spellcheck@1 to /home/toopsi/.config/discord/0.0.47/modules/pending/discord_spellcheck-1.zip: 85%
2024-03-26T19:41:01.143Z [Modules] Streaming discord_spellcheck@1 to /home/toopsi/.config/discord/0.0.47/modules/pending/discord_spellcheck-1.zip: 86%
2024-03-26T19:41:01.150Z [Modules] Streaming discord_spellcheck@1 to /home/toopsi/.config/discord/0.0.47/modules/pending/discord_spellcheck-1.zip: 87%
2024-03-26T19:41:01.151Z [Modules] Streaming discord_spellcheck@1 to /home/toopsi/.config/discord/0.0.47/modules/pending/discord_spellcheck-1.zip: 88%
2024-03-26T19:41:01.154Z [Modules] Streaming discord_spellcheck@1 to /home/toopsi/.config/discord/0.0.47/modules/pending/discord_spellcheck-1.zip: 89%
2024-03-26T19:41:01.164Z [Modules] Streaming discord_spellcheck@1 to /home/toopsi/.config/discord/0.0.47/modules/pending/discord_spellcheck-1.zip: 90%
2024-03-26T19:41:01.166Z [Modules] Streaming discord_spellcheck@1 to /home/toopsi/.config/discord/0.0.47/modules/pending/discord_spellcheck-1.zip: 91%
2024-03-26T19:41:01.168Z [Modules] Streaming discord_spellcheck@1 to /home/toopsi/.config/discord/0.0.47/modules/pending/discord_spellcheck-1.zip: 92%
2024-03-26T19:41:01.170Z [Modules] Streaming discord_spellcheck@1 to /home/toopsi/.config/discord/0.0.47/modules/pending/discord_spellcheck-1.zip: 93%
2024-03-26T19:41:01.177Z [Modules] Streaming discord_spellcheck@1 to /home/toopsi/.config/discord/0.0.47/modules/pending/discord_spellcheck-1.zip: 94%
2024-03-26T19:41:01.178Z [Modules] Streaming discord_spellcheck@1 to /home/toopsi/.config/discord/0.0.47/modules/pending/discord_spellcheck-1.zip: 95%
2024-03-26T19:41:01.180Z [Modules] Streaming discord_spellcheck@1 to /home/toopsi/.config/discord/0.0.47/modules/pending/discord_spellcheck-1.zip: 96%
2024-03-26T19:41:01.186Z [Modules] Streaming discord_spellcheck@1 to /home/toopsi/.config/discord/0.0.47/modules/pending/discord_spellcheck-1.zip: 97%
2024-03-26T19:41:01.189Z [Modules] Streaming discord_spellcheck@1 to /home/toopsi/.config/discord/0.0.47/modules/pending/discord_spellcheck-1.zip: 98%
2024-03-26T19:41:01.190Z [Modules] Streaming discord_spellcheck@1 to /home/toopsi/.config/discord/0.0.47/modules/pending/discord_spellcheck-1.zip: 99%
2024-03-26T19:41:01.196Z [Modules] Streaming discord_spellcheck@1 to /home/toopsi/.config/discord/0.0.47/modules/pending/discord_spellcheck-1.zip: 100%
2024-03-26T19:41:01.197Z [Modules] Fetching discord_utils@1 from https://discord.com/api/modules/stable/discord_utils/1
2024-03-26T19:41:01.197Z [Modules] Streaming discord_utils@1 to /home/toopsi/.config/discord/0.0.47/modules/pending/discord_utils-1.zip
2024-03-26T19:41:01.422Z [Modules] Streaming discord_utils@1 to /home/toopsi/.config/discord/0.0.47/modules/pending/discord_utils-1.zip: 1%
2024-03-26T19:41:01.426Z [Modules] Streaming discord_utils@1 to /home/toopsi/.config/discord/0.0.47/modules/pending/discord_utils-1.zip: 3%
2024-03-26T19:41:01.427Z [Modules] Streaming discord_utils@1 to /home/toopsi/.config/discord/0.0.47/modules/pending/discord_utils-1.zip: 5%
2024-03-26T19:41:01.430Z [Modules] Streaming discord_utils@1 to /home/toopsi/.config/discord/0.0.47/modules/pending/discord_utils-1.zip: 7%
2024-03-26T19:41:01.432Z [Modules] Streaming discord_utils@1 to /home/toopsi/.config/discord/0.0.47/modules/pending/discord_utils-1.zip: 8%
2024-03-26T19:41:01.531Z [Modules] Streaming discord_utils@1 to /home/toopsi/.config/discord/0.0.47/modules/pending/discord_utils-1.zip: 11%
2024-03-26T19:41:01.532Z [Modules] Streaming discord_utils@1 to /home/toopsi/.config/discord/0.0.47/modules/pending/discord_utils-1.zip: 12%
2024-03-26T19:41:01.532Z [Modules] Streaming discord_utils@1 to /home/toopsi/.config/discord/0.0.47/modules/pending/discord_utils-1.zip: 14%
2024-03-26T19:41:01.533Z [Modules] Streaming discord_utils@1 to /home/toopsi/.config/discord/0.0.47/modules/pending/discord_utils-1.zip: 16%
2024-03-26T19:41:01.538Z [Modules] Streaming discord_utils@1 to /home/toopsi/.config/discord/0.0.47/modules/pending/discord_utils-1.zip: 18%
2024-03-26T19:41:01.539Z [Modules] Streaming discord_utils@1 to /home/toopsi/.config/discord/0.0.47/modules/pending/discord_utils-1.zip: 21%
2024-03-26T19:41:01.540Z [Modules] Streaming discord_utils@1 to /home/toopsi/.config/discord/0.0.47/modules/pending/discord_utils-1.zip: 23%
2024-03-26T19:41:01.540Z [Modules] Streaming discord_utils@1 to /home/toopsi/.config/discord/0.0.47/modules/pending/discord_utils-1.zip: 24%
2024-03-26T19:41:01.542Z [Modules] Streaming discord_utils@1 to /home/toopsi/.config/discord/0.0.47/modules/pending/discord_utils-1.zip: 26%
2024-03-26T19:41:01.542Z [Modules] Streaming discord_utils@1 to /home/toopsi/.config/discord/0.0.47/modules/pending/discord_utils-1.zip: 27%
2024-03-26T19:41:01.542Z [Modules] Streaming discord_utils@1 to /home/toopsi/.config/discord/0.0.47/modules/pending/discord_utils-1.zip: 28%
2024-03-26T19:41:01.543Z [Modules] Streaming discord_utils@1 to /home/toopsi/.config/discord/0.0.47/modules/pending/discord_utils-1.zip: 31%
2024-03-26T19:41:01.544Z [Modules] Streaming discord_utils@1 to /home/toopsi/.config/discord/0.0.47/modules/pending/discord_utils-1.zip: 33%
2024-03-26T19:41:01.544Z [Modules] Streaming discord_utils@1 to /home/toopsi/.config/discord/0.0.47/modules/pending/discord_utils-1.zip: 35%
2024-03-26T19:41:01.544Z [Modules] Streaming discord_utils@1 to /home/toopsi/.config/discord/0.0.47/modules/pending/discord_utils-1.zip: 37%
2024-03-26T19:41:01.545Z [Modules] Streaming discord_utils@1 to /home/toopsi/.config/discord/0.0.47/modules/pending/discord_utils-1.zip: 39%
2024-03-26T19:41:01.545Z [Modules] Streaming discord_utils@1 to /home/toopsi/.config/discord/0.0.47/modules/pending/discord_utils-1.zip: 41%
2024-03-26T19:41:01.545Z [Modules] Streaming discord_utils@1 to /home/toopsi/.config/discord/0.0.47/modules/pending/discord_utils-1.zip: 46%
2024-03-26T19:41:01.546Z [Modules] Streaming discord_utils@1 to /home/toopsi/.config/discord/0.0.47/modules/pending/discord_utils-1.zip: 48%
2024-03-26T19:41:01.546Z [Modules] Streaming discord_utils@1 to /home/toopsi/.config/discord/0.0.47/modules/pending/discord_utils-1.zip: 50%
2024-03-26T19:41:01.547Z [Modules] Streaming discord_utils@1 to /home/toopsi/.config/discord/0.0.47/modules/pending/discord_utils-1.zip: 54%
2024-03-26T19:41:01.547Z [Modules] Streaming discord_utils@1 to /home/toopsi/.config/discord/0.0.47/modules/pending/discord_utils-1.zip: 56%
2024-03-26T19:41:01.548Z [Modules] Streaming discord_utils@1 to /home/toopsi/.config/discord/0.0.47/modules/pending/discord_utils-1.zip: 58%
2024-03-26T19:41:01.548Z [Modules] Streaming discord_utils@1 to /home/toopsi/.config/discord/0.0.47/modules/pending/discord_utils-1.zip: 62%
2024-03-26T19:41:01.549Z [Modules] Streaming discord_utils@1 to /home/toopsi/.config/discord/0.0.47/modules/pending/discord_utils-1.zip: 65%
2024-03-26T19:41:01.549Z [Modules] Streaming discord_utils@1 to /home/toopsi/.config/discord/0.0.47/modules/pending/discord_utils-1.zip: 67%
2024-03-26T19:41:01.550Z [Modules] Streaming discord_utils@1 to /home/toopsi/.config/discord/0.0.47/modules/pending/discord_utils-1.zip: 69%
2024-03-26T19:41:01.550Z [Modules] Streaming discord_utils@1 to /home/toopsi/.config/discord/0.0.47/modules/pending/discord_utils-1.zip: 73%
2024-03-26T19:41:01.550Z [Modules] Streaming discord_utils@1 to /home/toopsi/.config/discord/0.0.47/modules/pending/discord_utils-1.zip: 77%
2024-03-26T19:41:01.551Z [Modules] Streaming discord_utils@1 to /home/toopsi/.config/discord/0.0.47/modules/pending/discord_utils-1.zip: 82%
2024-03-26T19:41:01.551Z [Modules] Streaming discord_utils@1 to /home/toopsi/.config/discord/0.0.47/modules/pending/discord_utils-1.zip: 86%
2024-03-26T19:41:01.552Z [Modules] Streaming discord_utils@1 to /home/toopsi/.config/discord/0.0.47/modules/pending/discord_utils-1.zip: 92%
2024-03-26T19:41:01.552Z [Modules] Streaming discord_utils@1 to /home/toopsi/.config/discord/0.0.47/modules/pending/discord_utils-1.zip: 96%
2024-03-26T19:41:01.553Z [Modules] Streaming discord_utils@1 to /home/toopsi/.config/discord/0.0.47/modules/pending/discord_utils-1.zip: 100%
2024-03-26T19:41:01.554Z [Modules] Fetching discord_voice@1 from https://discord.com/api/modules/stable/discord_voice/1
2024-03-26T19:41:01.554Z [Modules] Streaming discord_voice@1 to /home/toopsi/.config/discord/0.0.47/modules/pending/discord_voice-1.zip
2024-03-26T19:41:01.781Z [Modules] Streaming discord_voice@1 to /home/toopsi/.config/discord/0.0.47/modules/pending/discord_voice-1.zip: 1%
2024-03-26T19:41:01.791Z [Modules] Streaming discord_voice@1 to /home/toopsi/.config/discord/0.0.47/modules/pending/discord_voice-1.zip: 2%
2024-03-26T19:41:01.908Z [Modules] Streaming discord_voice@1 to /home/toopsi/.config/discord/0.0.47/modules/pending/discord_voice-1.zip: 3%
2024-03-26T19:41:01.919Z [Modules] Streaming discord_voice@1 to /home/toopsi/.config/discord/0.0.47/modules/pending/discord_voice-1.zip: 4%
2024-03-26T19:41:01.921Z [Modules] Streaming discord_voice@1 to /home/toopsi/.config/discord/0.0.47/modules/pending/discord_voice-1.zip: 5%
2024-03-26T19:41:01.922Z [Modules] Streaming discord_voice@1 to /home/toopsi/.config/discord/0.0.47/modules/pending/discord_voice-1.zip: 6%
2024-03-26T19:41:01.923Z [Modules] Streaming discord_voice@1 to /home/toopsi/.config/discord/0.0.47/modules/pending/discord_voice-1.zip: 7%
2024-03-26T19:41:01.925Z [Modules] Streaming discord_voice@1 to /home/toopsi/.config/discord/0.0.47/modules/pending/discord_voice-1.zip: 8%
2024-03-26T19:41:01.926Z [Modules] Streaming discord_voice@1 to /home/toopsi/.config/discord/0.0.47/modules/pending/discord_voice-1.zip: 9%
2024-03-26T19:41:01.927Z [Modules] Streaming discord_voice@1 to /home/toopsi/.config/discord/0.0.47/modules/pending/discord_voice-1.zip: 10%
2024-03-26T19:41:01.930Z [Modules] Streaming discord_voice@1 to /home/toopsi/.config/discord/0.0.47/modules/pending/discord_voice-1.zip: 12%
2024-03-26T19:41:01.932Z [Modules] Streaming discord_voice@1 to /home/toopsi/.config/discord/0.0.47/modules/pending/discord_voice-1.zip: 14%
2024-03-26T19:41:01.933Z [Modules] Streaming discord_voice@1 to /home/toopsi/.config/discord/0.0.47/modules/pending/discord_voice-1.zip: 15%
2024-03-26T19:41:01.933Z [Modules] Streaming discord_voice@1 to /home/toopsi/.config/discord/0.0.47/modules/pending/discord_voice-1.zip: 16%
2024-03-26T19:41:01.942Z [Modules] Streaming discord_voice@1 to /home/toopsi/.config/discord/0.0.47/modules/pending/discord_voice-1.zip: 17%
2024-03-26T19:41:01.986Z [Modules] Streaming discord_voice@1 to /home/toopsi/.config/discord/0.0.47/modules/pending/discord_voice-1.zip: 18%
2024-03-26T19:41:02.103Z [Modules] Streaming discord_voice@1 to /home/toopsi/.config/discord/0.0.47/modules/pending/discord_voice-1.zip: 19%
2024-03-26T19:41:02.109Z [Modules] Streaming discord_voice@1 to /home/toopsi/.config/discord/0.0.47/modules/pending/discord_voice-1.zip: 20%
2024-03-26T19:41:02.127Z [Modules] Streaming discord_voice@1 to /home/toopsi/.config/discord/0.0.47/modules/pending/discord_voice-1.zip: 21%
2024-03-26T19:41:02.128Z [Modules] Streaming discord_voice@1 to /home/toopsi/.config/discord/0.0.47/modules/pending/discord_voice-1.zip: 22%
2024-03-26T19:41:02.129Z [Modules] Streaming discord_voice@1 to /home/toopsi/.config/discord/0.0.47/modules/pending/discord_voice-1.zip: 23%
2024-03-26T19:41:02.130Z [Modules] Streaming discord_voice@1 to /home/toopsi/.config/discord/0.0.47/modules/pending/discord_voice-1.zip: 24%
2024-03-26T19:41:02.131Z [Modules] Streaming discord_voice@1 to /home/toopsi/.config/discord/0.0.47/modules/pending/discord_voice-1.zip: 25%
2024-03-26T19:41:02.132Z [Modules] Streaming discord_voice@1 to /home/toopsi/.config/discord/0.0.47/modules/pending/discord_voice-1.zip: 26%
2024-03-26T19:41:02.133Z [Modules] Streaming discord_voice@1 to /home/toopsi/.config/discord/0.0.47/modules/pending/discord_voice-1.zip: 27%
2024-03-26T19:41:02.134Z [Modules] Streaming discord_voice@1 to /home/toopsi/.config/discord/0.0.47/modules/pending/discord_voice-1.zip: 28%
2024-03-26T19:41:02.134Z [Modules] Streaming discord_voice@1 to /home/toopsi/.config/discord/0.0.47/modules/pending/discord_voice-1.zip: 29%
2024-03-26T19:41:02.135Z [Modules] Streaming discord_voice@1 to /home/toopsi/.config/discord/0.0.47/modules/pending/discord_voice-1.zip: 30%
2024-03-26T19:41:02.135Z [Modules] Streaming discord_voice@1 to /home/toopsi/.config/discord/0.0.47/modules/pending/discord_voice-1.zip: 31%
2024-03-26T19:41:02.136Z [Modules] Streaming discord_voice@1 to /home/toopsi/.config/discord/0.0.47/modules/pending/discord_voice-1.zip: 32%
2024-03-26T19:41:02.138Z [Modules] Streaming discord_voice@1 to /home/toopsi/.config/discord/0.0.47/modules/pending/discord_voice-1.zip: 33%
2024-03-26T19:41:02.147Z [Modules] Streaming discord_voice@1 to /home/toopsi/.config/discord/0.0.47/modules/pending/discord_voice-1.zip: 34%
2024-03-26T19:41:02.182Z [Modules] Streaming discord_voice@1 to /home/toopsi/.config/discord/0.0.47/modules/pending/discord_voice-1.zip: 35%
2024-03-26T19:41:02.199Z [Modules] Streaming discord_voice@1 to /home/toopsi/.config/discord/0.0.47/modules/pending/discord_voice-1.zip: 36%
2024-03-26T19:41:02.208Z [Modules] Streaming discord_voice@1 to /home/toopsi/.config/discord/0.0.47/modules/pending/discord_voice-1.zip: 37%
2024-03-26T19:41:02.218Z [Modules] Streaming discord_voice@1 to /home/toopsi/.config/discord/0.0.47/modules/pending/discord_voice-1.zip: 38%
2024-03-26T19:41:02.229Z [Modules] Streaming discord_voice@1 to /home/toopsi/.config/discord/0.0.47/modules/pending/discord_voice-1.zip: 39%
2024-03-26T19:41:02.240Z [Modules] Streaming discord_voice@1 to /home/toopsi/.config/discord/0.0.47/modules/pending/discord_voice-1.zip: 40%
2024-03-26T19:41:02.250Z [Modules] Streaming discord_voice@1 to /home/toopsi/.config/discord/0.0.47/modules/pending/discord_voice-1.zip: 41%
2024-03-26T19:41:02.259Z [Modules] Streaming discord_voice@1 to /home/toopsi/.config/discord/0.0.47/modules/pending/discord_voice-1.zip: 42%
2024-03-26T19:41:02.269Z [Modules] Streaming discord_voice@1 to /home/toopsi/.config/discord/0.0.47/modules/pending/discord_voice-1.zip: 43%
2024-03-26T19:41:02.274Z [Modules] Streaming discord_voice@1 to /home/toopsi/.config/discord/0.0.47/modules/pending/discord_voice-1.zip: 44%
2024-03-26T19:41:02.287Z [Modules] Streaming discord_voice@1 to /home/toopsi/.config/discord/0.0.47/modules/pending/discord_voice-1.zip: 45%
2024-03-26T19:41:02.297Z [Modules] Streaming discord_voice@1 to /home/toopsi/.config/discord/0.0.47/modules/pending/discord_voice-1.zip: 46%
2024-03-26T19:41:02.309Z [Modules] Streaming discord_voice@1 to /home/toopsi/.config/discord/0.0.47/modules/pending/discord_voice-1.zip: 47%
2024-03-26T19:41:02.320Z [Modules] Streaming discord_voice@1 to /home/toopsi/.config/discord/0.0.47/modules/pending/discord_voice-1.zip: 48%
2024-03-26T19:41:02.457Z [Modules] Streaming discord_voice@1 to /home/toopsi/.config/discord/0.0.47/modules/pending/discord_voice-1.zip: 49%
2024-03-26T19:41:02.458Z [Modules] Streaming discord_voice@1 to /home/toopsi/.config/discord/0.0.47/modules/pending/discord_voice-1.zip: 50%
2024-03-26T19:41:02.459Z [Modules] Streaming discord_voice@1 to /home/toopsi/.config/discord/0.0.47/modules/pending/discord_voice-1.zip: 51%
2024-03-26T19:41:02.460Z [Modules] Streaming discord_voice@1 to /home/toopsi/.config/discord/0.0.47/modules/pending/discord_voice-1.zip: 52%
2024-03-26T19:41:02.461Z [Modules] Streaming discord_voice@1 to /home/toopsi/.config/discord/0.0.47/modules/pending/discord_voice-1.zip: 53%
2024-03-26T19:41:02.462Z [Modules] Streaming discord_voice@1 to /home/toopsi/.config/discord/0.0.47/modules/pending/discord_voice-1.zip: 54%
2024-03-26T19:41:02.463Z [Modules] Streaming discord_voice@1 to /home/toopsi/.config/discord/0.0.47/modules/pending/discord_voice-1.zip: 55%
2024-03-26T19:41:02.464Z [Modules] Streaming discord_voice@1 to /home/toopsi/.config/discord/0.0.47/modules/pending/discord_voice-1.zip: 56%
2024-03-26T19:41:02.464Z [Modules] Streaming discord_voice@1 to /home/toopsi/.config/discord/0.0.47/modules/pending/discord_voice-1.zip: 57%
2024-03-26T19:41:02.465Z [Modules] Streaming discord_voice@1 to /home/toopsi/.config/discord/0.0.47/modules/pending/discord_voice-1.zip: 58%
2024-03-26T19:41:02.466Z [Modules] Streaming discord_voice@1 to /home/toopsi/.config/discord/0.0.47/modules/pending/discord_voice-1.zip: 59%
2024-03-26T19:41:02.468Z [Modules] Streaming discord_voice@1 to /home/toopsi/.config/discord/0.0.47/modules/pending/discord_voice-1.zip: 60%
2024-03-26T19:41:02.478Z [Modules] Streaming discord_voice@1 to /home/toopsi/.config/discord/0.0.47/modules/pending/discord_voice-1.zip: 61%
2024-03-26T19:41:02.489Z [Modules] Streaming discord_voice@1 to /home/toopsi/.config/discord/0.0.47/modules/pending/discord_voice-1.zip: 62%
2024-03-26T19:41:02.500Z [Modules] Streaming discord_voice@1 to /home/toopsi/.config/discord/0.0.47/modules/pending/discord_voice-1.zip: 63%
2024-03-26T19:41:02.510Z [Modules] Streaming discord_voice@1 to /home/toopsi/.config/discord/0.0.47/modules/pending/discord_voice-1.zip: 64%
2024-03-26T19:41:02.641Z [Modules] Streaming discord_voice@1 to /home/toopsi/.config/discord/0.0.47/modules/pending/discord_voice-1.zip: 65%
2024-03-26T19:41:02.643Z [Modules] Streaming discord_voice@1 to /home/toopsi/.config/discord/0.0.47/modules/pending/discord_voice-1.zip: 66%
2024-03-26T19:41:02.644Z [Modules] Streaming discord_voice@1 to /home/toopsi/.config/discord/0.0.47/modules/pending/discord_voice-1.zip: 67%
2024-03-26T19:41:02.646Z [Modules] Streaming discord_voice@1 to /home/toopsi/.config/discord/0.0.47/modules/pending/discord_voice-1.zip: 68%
2024-03-26T19:41:02.647Z [Modules] Streaming discord_voice@1 to /home/toopsi/.config/discord/0.0.47/modules/pending/discord_voice-1.zip: 69%
2024-03-26T19:41:02.647Z [Modules] Streaming discord_voice@1 to /home/toopsi/.config/discord/0.0.47/modules/pending/discord_voice-1.zip: 70%
2024-03-26T19:41:02.648Z [Modules] Streaming discord_voice@1 to /home/toopsi/.config/discord/0.0.47/modules/pending/discord_voice-1.zip: 71%
2024-03-26T19:41:02.685Z [Modules] Streaming discord_voice@1 to /home/toopsi/.config/discord/0.0.47/modules/pending/discord_voice-1.zip: 72%
2024-03-26T19:41:02.695Z [Modules] Streaming discord_voice@1 to /home/toopsi/.config/discord/0.0.47/modules/pending/discord_voice-1.zip: 73%
2024-03-26T19:41:02.697Z [Modules] Streaming discord_voice@1 to /home/toopsi/.config/discord/0.0.47/modules/pending/discord_voice-1.zip: 77%
2024-03-26T19:41:02.698Z [Modules] Streaming discord_voice@1 to /home/toopsi/.config/discord/0.0.47/modules/pending/discord_voice-1.zip: 79%
2024-03-26T19:41:02.699Z [Modules] Streaming discord_voice@1 to /home/toopsi/.config/discord/0.0.47/modules/pending/discord_voice-1.zip: 80%
2024-03-26T19:41:02.701Z [Modules] Streaming discord_voice@1 to /home/toopsi/.config/discord/0.0.47/modules/pending/discord_voice-1.zip: 81%
2024-03-26T19:41:02.711Z [Modules] Streaming discord_voice@1 to /home/toopsi/.config/discord/0.0.47/modules/pending/discord_voice-1.zip: 82%
2024-03-26T19:41:02.723Z [Modules] Streaming discord_voice@1 to /home/toopsi/.config/discord/0.0.47/modules/pending/discord_voice-1.zip: 83%
2024-03-26T19:41:02.849Z [Modules] Streaming discord_voice@1 to /home/toopsi/.config/discord/0.0.47/modules/pending/discord_voice-1.zip: 84%
2024-03-26T19:41:02.849Z [Modules] Streaming discord_voice@1 to /home/toopsi/.config/discord/0.0.47/modules/pending/discord_voice-1.zip: 85%
2024-03-26T19:41:02.871Z [Modules] Streaming discord_voice@1 to /home/toopsi/.config/discord/0.0.47/modules/pending/discord_voice-1.zip: 86%
2024-03-26T19:41:02.890Z [Modules] Streaming discord_voice@1 to /home/toopsi/.config/discord/0.0.47/modules/pending/discord_voice-1.zip: 87%
2024-03-26T19:41:02.892Z [Modules] Streaming discord_voice@1 to /home/toopsi/.config/discord/0.0.47/modules/pending/discord_voice-1.zip: 88%
2024-03-26T19:41:02.894Z [Modules] Streaming discord_voice@1 to /home/toopsi/.config/discord/0.0.47/modules/pending/discord_voice-1.zip: 89%
2024-03-26T19:41:02.895Z [Modules] Streaming discord_voice@1 to /home/toopsi/.config/discord/0.0.47/modules/pending/discord_voice-1.zip: 90%
2024-03-26T19:41:02.896Z [Modules] Streaming discord_voice@1 to /home/toopsi/.config/discord/0.0.47/modules/pending/discord_voice-1.zip: 91%
2024-03-26T19:41:02.898Z [Modules] Streaming discord_voice@1 to /home/toopsi/.config/discord/0.0.47/modules/pending/discord_voice-1.zip: 92%
2024-03-26T19:41:02.899Z [Modules] Streaming discord_voice@1 to /home/toopsi/.config/discord/0.0.47/modules/pending/discord_voice-1.zip: 93%
2024-03-26T19:41:02.901Z [Modules] Streaming discord_voice@1 to /home/toopsi/.config/discord/0.0.47/modules/pending/discord_voice-1.zip: 94%
2024-03-26T19:41:02.902Z [Modules] Streaming discord_voice@1 to /home/toopsi/.config/discord/0.0.47/modules/pending/discord_voice-1.zip: 95%
2024-03-26T19:41:02.903Z [Modules] Streaming discord_voice@1 to /home/toopsi/.config/discord/0.0.47/modules/pending/discord_voice-1.zip: 96%
2024-03-26T19:41:02.904Z [Modules] Streaming discord_voice@1 to /home/toopsi/.config/discord/0.0.47/modules/pending/discord_voice-1.zip: 97%
2024-03-26T19:41:02.905Z [Modules] Streaming discord_voice@1 to /home/toopsi/.config/discord/0.0.47/modules/pending/discord_voice-1.zip: 98%
2024-03-26T19:41:02.942Z [Modules] Streaming discord_voice@1 to /home/toopsi/.config/discord/0.0.47/modules/pending/discord_voice-1.zip: 99%
2024-03-26T19:41:02.950Z [Modules] Streaming discord_voice@1 to /home/toopsi/.config/discord/0.0.47/modules/pending/discord_voice-1.zip: 100%
2024-03-26T19:41:02.951Z [Modules] Finished module downloads. [success: 5] [failure: 0]
2024-03-26T19:41:02.952Z [Modules] Installing updates...
2024-03-26T19:41:02.952Z [Modules] Installing discord_desktop_core@1 from /home/toopsi/.config/discord/0.0.47/modules/pending/discord_desktop_core-1.zip
2024-03-26T19:41:03.044Z [Modules] Installing discord_erlpack@1 from /home/toopsi/.config/discord/0.0.47/modules/pending/discord_erlpack-1.zip
2024-03-26T19:41:03.093Z [Modules] Installing discord_spellcheck@1 from /home/toopsi/.config/discord/0.0.47/modules/pending/discord_spellcheck-1.zip
2024-03-26T19:41:03.717Z [Modules] Installing discord_utils@1 from /home/toopsi/.config/discord/0.0.47/modules/pending/discord_utils-1.zip
2024-03-26T19:41:03.823Z [Modules] Installing discord_voice@1 from /home/toopsi/.config/discord/0.0.47/modules/pending/discord_voice-1.zip
2024-03-26T19:41:04.369Z [Modules] Finished module installations. [success: 5] [failure: 0]
2024-03-26T19:41:04.369Z [Modules] Checking for host updates.
2024-03-26T19:41:04.543Z [Modules] Host is up to date.
2024-03-26T19:41:04.543Z [Modules] Checking for module updates at https://discord.com/api/modules/stable/versions.json
2024-03-26T19:41:04.546Z [Modules] No module updates available.
2024-03-26T19:41:06.729Z [Modules] Starting to install discord_krisp...
2024-03-26T19:41:06.730Z [Modules] Fetching discord_krisp@1 from https://discord.com/api/modules/stable/discord_krisp/1
2024-03-26T19:41:06.730Z [Modules] Streaming discord_krisp@1 to /home/toopsi/.config/discord/0.0.47/modules/pending/discord_krisp-1.zip
2024-03-26T19:41:06.747Z [Modules] Starting to install discord_game_utils...
2024-03-26T19:41:06.951Z [Modules] Streaming discord_krisp@1 to /home/toopsi/.config/discord/0.0.47/modules/pending/discord_krisp-1.zip: 1%
2024-03-26T19:41:07.091Z [Modules] Streaming discord_krisp@1 to /home/toopsi/.config/discord/0.0.47/modules/pending/discord_krisp-1.zip: 2%
2024-03-26T19:41:07.100Z [Modules] Streaming discord_krisp@1 to /home/toopsi/.config/discord/0.0.47/modules/pending/discord_krisp-1.zip: 3%
2024-03-26T19:41:07.110Z [Modules] Streaming discord_krisp@1 to /home/toopsi/.config/discord/0.0.47/modules/pending/discord_krisp-1.zip: 4%
2024-03-26T19:41:07.117Z [Modules] Streaming discord_krisp@1 to /home/toopsi/.config/discord/0.0.47/modules/pending/discord_krisp-1.zip: 5%
2024-03-26T19:41:07.121Z [Modules] Streaming discord_krisp@1 to /home/toopsi/.config/discord/0.0.47/modules/pending/discord_krisp-1.zip: 6%
2024-03-26T19:41:07.122Z [Modules] Streaming discord_krisp@1 to /home/toopsi/.config/discord/0.0.47/modules/pending/discord_krisp-1.zip: 7%
2024-03-26T19:41:07.123Z [Modules] Streaming discord_krisp@1 to /home/toopsi/.config/discord/0.0.47/modules/pending/discord_krisp-1.zip: 8%
2024-03-26T19:41:07.123Z [Modules] Streaming discord_krisp@1 to /home/toopsi/.config/discord/0.0.47/modules/pending/discord_krisp-1.zip: 9%
2024-03-26T19:41:07.124Z [Modules] Streaming discord_krisp@1 to /home/toopsi/.config/discord/0.0.47/modules/pending/discord_krisp-1.zip: 10%
2024-03-26T19:41:07.124Z [Modules] Streaming discord_krisp@1 to /home/toopsi/.config/discord/0.0.47/modules/pending/discord_krisp-1.zip: 11%
2024-03-26T19:41:07.125Z [Modules] Streaming discord_krisp@1 to /home/toopsi/.config/discord/0.0.47/modules/pending/discord_krisp-1.zip: 12%
2024-03-26T19:41:07.126Z [Modules] Streaming discord_krisp@1 to /home/toopsi/.config/discord/0.0.47/modules/pending/discord_krisp-1.zip: 13%
2024-03-26T19:41:07.126Z [Modules] Streaming discord_krisp@1 to /home/toopsi/.config/discord/0.0.47/modules/pending/discord_krisp-1.zip: 14%
2024-03-26T19:41:07.127Z [Modules] Streaming discord_krisp@1 to /home/toopsi/.config/discord/0.0.47/modules/pending/discord_krisp-1.zip: 15%
2024-03-26T19:41:07.128Z [Modules] Streaming discord_krisp@1 to /home/toopsi/.config/discord/0.0.47/modules/pending/discord_krisp-1.zip: 16%
2024-03-26T19:41:07.131Z [Modules] Streaming discord_krisp@1 to /home/toopsi/.config/discord/0.0.47/modules/pending/discord_krisp-1.zip: 17%
2024-03-26T19:41:07.141Z [Modules] Streaming discord_krisp@1 to /home/toopsi/.config/discord/0.0.47/modules/pending/discord_krisp-1.zip: 18%
2024-03-26T19:41:07.151Z [Modules] Streaming discord_krisp@1 to /home/toopsi/.config/discord/0.0.47/modules/pending/discord_krisp-1.zip: 19%
2024-03-26T19:41:07.167Z [Modules] Streaming discord_krisp@1 to /home/toopsi/.config/discord/0.0.47/modules/pending/discord_krisp-1.zip: 20%
2024-03-26T19:41:07.175Z [Modules] Streaming discord_krisp@1 to /home/toopsi/.config/discord/0.0.47/modules/pending/discord_krisp-1.zip: 21%
2024-03-26T19:41:07.181Z [Modules] Streaming discord_krisp@1 to /home/toopsi/.config/discord/0.0.47/modules/pending/discord_krisp-1.zip: 22%
2024-03-26T19:41:07.189Z [Modules] Streaming discord_krisp@1 to /home/toopsi/.config/discord/0.0.47/modules/pending/discord_krisp-1.zip: 23%
2024-03-26T19:41:07.198Z [Modules] Streaming discord_krisp@1 to /home/toopsi/.config/discord/0.0.47/modules/pending/discord_krisp-1.zip: 24%
2024-03-26T19:41:07.202Z [Modules] Streaming discord_krisp@1 to /home/toopsi/.config/discord/0.0.47/modules/pending/discord_krisp-1.zip: 25%
2024-03-26T19:41:07.212Z [Modules] Streaming discord_krisp@1 to /home/toopsi/.config/discord/0.0.47/modules/pending/discord_krisp-1.zip: 26%
2024-03-26T19:41:07.221Z [Modules] Streaming discord_krisp@1 to /home/toopsi/.config/discord/0.0.47/modules/pending/discord_krisp-1.zip: 27%
2024-03-26T19:41:07.237Z [Modules] Streaming discord_krisp@1 to /home/toopsi/.config/discord/0.0.47/modules/pending/discord_krisp-1.zip: 28%
2024-03-26T19:41:07.242Z [Modules] Streaming discord_krisp@1 to /home/toopsi/.config/discord/0.0.47/modules/pending/discord_krisp-1.zip: 29%
2024-03-26T19:41:07.252Z [Modules] Streaming discord_krisp@1 to /home/toopsi/.config/discord/0.0.47/modules/pending/discord_krisp-1.zip: 30%
2024-03-26T19:41:07.256Z [Modules] Streaming discord_krisp@1 to /home/toopsi/.config/discord/0.0.47/modules/pending/discord_krisp-1.zip: 31%
2024-03-26T19:41:07.262Z [Modules] Streaming discord_krisp@1 to /home/toopsi/.config/discord/0.0.47/modules/pending/discord_krisp-1.zip: 32%
2024-03-26T19:41:07.270Z [Modules] Streaming discord_krisp@1 to /home/toopsi/.config/discord/0.0.47/modules/pending/discord_krisp-1.zip: 33%
2024-03-26T19:41:07.278Z [Modules] Streaming discord_krisp@1 to /home/toopsi/.config/discord/0.0.47/modules/pending/discord_krisp-1.zip: 34%
2024-03-26T19:41:07.287Z [Modules] Streaming discord_krisp@1 to /home/toopsi/.config/discord/0.0.47/modules/pending/discord_krisp-1.zip: 35%
2024-03-26T19:41:07.291Z [Modules] Streaming discord_krisp@1 to /home/toopsi/.config/discord/0.0.47/modules/pending/discord_krisp-1.zip: 36%
2024-03-26T19:41:07.300Z [Modules] Streaming discord_krisp@1 to /home/toopsi/.config/discord/0.0.47/modules/pending/discord_krisp-1.zip: 37%
2024-03-26T19:41:07.309Z [Modules] Streaming discord_krisp@1 to /home/toopsi/.config/discord/0.0.47/modules/pending/discord_krisp-1.zip: 38%
2024-03-26T19:41:07.313Z [Modules] Streaming discord_krisp@1 to /home/toopsi/.config/discord/0.0.47/modules/pending/discord_krisp-1.zip: 39%
2024-03-26T19:41:07.333Z [Modules] Streaming discord_krisp@1 to /home/toopsi/.config/discord/0.0.47/modules/pending/discord_krisp-1.zip: 40%
2024-03-26T19:41:07.378Z [Modules] Streaming discord_krisp@1 to /home/toopsi/.config/discord/0.0.47/modules/pending/discord_krisp-1.zip: 41%
2024-03-26T19:41:07.480Z [Modules] Streaming discord_krisp@1 to /home/toopsi/.config/discord/0.0.47/modules/pending/discord_krisp-1.zip: 42%
2024-03-26T19:41:07.486Z [Modules] Streaming discord_krisp@1 to /home/toopsi/.config/discord/0.0.47/modules/pending/discord_krisp-1.zip: 43%
2024-03-26T19:41:07.490Z [Modules] Streaming discord_krisp@1 to /home/toopsi/.config/discord/0.0.47/modules/pending/discord_krisp-1.zip: 44%
2024-03-26T19:41:07.496Z [Modules] Streaming discord_krisp@1 to /home/toopsi/.config/discord/0.0.47/modules/pending/discord_krisp-1.zip: 45%
2024-03-26T19:41:07.496Z [Modules] Streaming discord_krisp@1 to /home/toopsi/.config/discord/0.0.47/modules/pending/discord_krisp-1.zip: 46%
2024-03-26T19:41:07.497Z [Modules] Streaming discord_krisp@1 to /home/toopsi/.config/discord/0.0.47/modules/pending/discord_krisp-1.zip: 47%
2024-03-26T19:41:07.498Z [Modules] Streaming discord_krisp@1 to /home/toopsi/.config/discord/0.0.47/modules/pending/discord_krisp-1.zip: 48%
2024-03-26T19:41:07.523Z [Modules] Streaming discord_krisp@1 to /home/toopsi/.config/discord/0.0.47/modules/pending/discord_krisp-1.zip: 49%
2024-03-26T19:41:07.529Z [Modules] Streaming discord_krisp@1 to /home/toopsi/.config/discord/0.0.47/modules/pending/discord_krisp-1.zip: 50%
2024-03-26T19:41:07.530Z [Modules] Streaming discord_krisp@1 to /home/toopsi/.config/discord/0.0.47/modules/pending/discord_krisp-1.zip: 51%
2024-03-26T19:41:07.531Z [Modules] Streaming discord_krisp@1 to /home/toopsi/.config/discord/0.0.47/modules/pending/discord_krisp-1.zip: 52%
2024-03-26T19:41:07.531Z [Modules] Streaming discord_krisp@1 to /home/toopsi/.config/discord/0.0.47/modules/pending/discord_krisp-1.zip: 53%
2024-03-26T19:41:07.532Z [Modules] Streaming discord_krisp@1 to /home/toopsi/.config/discord/0.0.47/modules/pending/discord_krisp-1.zip: 54%
2024-03-26T19:41:07.533Z [Modules] Streaming discord_krisp@1 to /home/toopsi/.config/discord/0.0.47/modules/pending/discord_krisp-1.zip: 55%
2024-03-26T19:41:07.533Z [Modules] Streaming discord_krisp@1 to /home/toopsi/.config/discord/0.0.47/modules/pending/discord_krisp-1.zip: 56%
2024-03-26T19:41:07.560Z [Modules] Streaming discord_krisp@1 to /home/toopsi/.config/discord/0.0.47/modules/pending/discord_krisp-1.zip: 58%
2024-03-26T19:41:07.562Z [Modules] Streaming discord_krisp@1 to /home/toopsi/.config/discord/0.0.47/modules/pending/discord_krisp-1.zip: 59%
2024-03-26T19:41:07.571Z [Modules] Streaming discord_krisp@1 to /home/toopsi/.config/discord/0.0.47/modules/pending/discord_krisp-1.zip: 60%
2024-03-26T19:41:07.579Z [Modules] Streaming discord_krisp@1 to /home/toopsi/.config/discord/0.0.47/modules/pending/discord_krisp-1.zip: 61%
2024-03-26T19:41:07.589Z [Modules] Streaming discord_krisp@1 to /home/toopsi/.config/discord/0.0.47/modules/pending/discord_krisp-1.zip: 62%
2024-03-26T19:41:07.597Z [Modules] Streaming discord_krisp@1 to /home/toopsi/.config/discord/0.0.47/modules/pending/discord_krisp-1.zip: 63%
2024-03-26T19:41:07.602Z [Modules] Streaming discord_krisp@1 to /home/toopsi/.config/discord/0.0.47/modules/pending/discord_krisp-1.zip: 64%
2024-03-26T19:41:07.610Z [Modules] Streaming discord_krisp@1 to /home/toopsi/.config/discord/0.0.47/modules/pending/discord_krisp-1.zip: 65%
2024-03-26T19:41:07.618Z [Modules] Streaming discord_krisp@1 to /home/toopsi/.config/discord/0.0.47/modules/pending/discord_krisp-1.zip: 66%
2024-03-26T19:41:07.624Z [Modules] Streaming discord_krisp@1 to /home/toopsi/.config/discord/0.0.47/modules/pending/discord_krisp-1.zip: 67%
2024-03-26T19:41:07.633Z [Modules] Streaming discord_krisp@1 to /home/toopsi/.config/discord/0.0.47/modules/pending/discord_krisp-1.zip: 68%
2024-03-26T19:41:07.646Z [Modules] Streaming discord_krisp@1 to /home/toopsi/.config/discord/0.0.47/modules/pending/discord_krisp-1.zip: 69%
2024-03-26T19:41:07.655Z [Modules] Streaming discord_krisp@1 to /home/toopsi/.config/discord/0.0.47/modules/pending/discord_krisp-1.zip: 70%
2024-03-26T19:41:07.659Z [Modules] Streaming discord_krisp@1 to /home/toopsi/.config/discord/0.0.47/modules/pending/discord_krisp-1.zip: 71%
2024-03-26T19:41:07.772Z [Modules] Streaming discord_krisp@1 to /home/toopsi/.config/discord/0.0.47/modules/pending/discord_krisp-1.zip: 72%
2024-03-26T19:41:07.773Z [Modules] Streaming discord_krisp@1 to /home/toopsi/.config/discord/0.0.47/modules/pending/discord_krisp-1.zip: 73%
2024-03-26T19:41:07.774Z [Modules] Streaming discord_krisp@1 to /home/toopsi/.config/discord/0.0.47/modules/pending/discord_krisp-1.zip: 74%
2024-03-26T19:41:07.775Z [Modules] Streaming discord_krisp@1 to /home/toopsi/.config/discord/0.0.47/modules/pending/discord_krisp-1.zip: 75%
2024-03-26T19:41:07.776Z [Modules] Streaming discord_krisp@1 to /home/toopsi/.config/discord/0.0.47/modules/pending/discord_krisp-1.zip: 76%
2024-03-26T19:41:07.777Z [Modules] Streaming discord_krisp@1 to /home/toopsi/.config/discord/0.0.47/modules/pending/discord_krisp-1.zip: 77%
2024-03-26T19:41:07.778Z [Modules] Streaming discord_krisp@1 to /home/toopsi/.config/discord/0.0.47/modules/pending/discord_krisp-1.zip: 78%
2024-03-26T19:41:07.806Z [Modules] Streaming discord_krisp@1 to /home/toopsi/.config/discord/0.0.47/modules/pending/discord_krisp-1.zip: 79%
2024-03-26T19:41:07.807Z [Modules] Streaming discord_krisp@1 to /home/toopsi/.config/discord/0.0.47/modules/pending/discord_krisp-1.zip: 80%
2024-03-26T19:41:07.807Z [Modules] Streaming discord_krisp@1 to /home/toopsi/.config/discord/0.0.47/modules/pending/discord_krisp-1.zip: 81%
2024-03-26T19:41:07.808Z [Modules] Streaming discord_krisp@1 to /home/toopsi/.config/discord/0.0.47/modules/pending/discord_krisp-1.zip: 82%
2024-03-26T19:41:07.809Z [Modules] Streaming discord_krisp@1 to /home/toopsi/.config/discord/0.0.47/modules/pending/discord_krisp-1.zip: 83%
2024-03-26T19:41:07.809Z [Modules] Streaming discord_krisp@1 to /home/toopsi/.config/discord/0.0.47/modules/pending/discord_krisp-1.zip: 84%
2024-03-26T19:41:07.810Z [Modules] Streaming discord_krisp@1 to /home/toopsi/.config/discord/0.0.47/modules/pending/discord_krisp-1.zip: 85%
2024-03-26T19:41:07.811Z [Modules] Streaming discord_krisp@1 to /home/toopsi/.config/discord/0.0.47/modules/pending/discord_krisp-1.zip: 86%
2024-03-26T19:41:07.812Z [Modules] Streaming discord_krisp@1 to /home/toopsi/.config/discord/0.0.47/modules/pending/discord_krisp-1.zip: 87%
2024-03-26T19:41:07.812Z [Modules] Streaming discord_krisp@1 to /home/toopsi/.config/discord/0.0.47/modules/pending/discord_krisp-1.zip: 88%
2024-03-26T19:41:07.813Z [Modules] Streaming discord_krisp@1 to /home/toopsi/.config/discord/0.0.47/modules/pending/discord_krisp-1.zip: 89%
2024-03-26T19:41:07.826Z [Modules] Streaming discord_krisp@1 to /home/toopsi/.config/discord/0.0.47/modules/pending/discord_krisp-1.zip: 90%
2024-03-26T19:41:07.854Z [Modules] Streaming discord_krisp@1 to /home/toopsi/.config/discord/0.0.47/modules/pending/discord_krisp-1.zip: 91%
2024-03-26T19:41:07.862Z [Modules] Streaming discord_krisp@1 to /home/toopsi/.config/discord/0.0.47/modules/pending/discord_krisp-1.zip: 92%
2024-03-26T19:41:07.870Z [Modules] Streaming discord_krisp@1 to /home/toopsi/.config/discord/0.0.47/modules/pending/discord_krisp-1.zip: 93%
2024-03-26T19:41:07.879Z [Modules] Streaming discord_krisp@1 to /home/toopsi/.config/discord/0.0.47/modules/pending/discord_krisp-1.zip: 94%
2024-03-26T19:41:07.889Z [Modules] Streaming discord_krisp@1 to /home/toopsi/.config/discord/0.0.47/modules/pending/discord_krisp-1.zip: 95%
2024-03-26T19:41:07.899Z [Modules] Streaming discord_krisp@1 to /home/toopsi/.config/discord/0.0.47/modules/pending/discord_krisp-1.zip: 96%
2024-03-26T19:41:07.908Z [Modules] Streaming discord_krisp@1 to /home/toopsi/.config/discord/0.0.47/modules/pending/discord_krisp-1.zip: 97%
2024-03-26T19:41:07.917Z [Modules] Streaming discord_krisp@1 to /home/toopsi/.config/discord/0.0.47/modules/pending/discord_krisp-1.zip: 98%
2024-03-26T19:41:07.923Z [Modules] Streaming discord_krisp@1 to /home/toopsi/.config/discord/0.0.47/modules/pending/discord_krisp-1.zip: 99%
2024-03-26T19:41:07.930Z [Modules] Streaming discord_krisp@1 to /home/toopsi/.config/discord/0.0.47/modules/pending/discord_krisp-1.zip: 100%
2024-03-26T19:41:07.932Z [Modules] Fetching discord_game_utils@1 from https://discord.com/api/modules/stable/discord_game_utils/1
2024-03-26T19:41:07.932Z [Modules] Streaming discord_game_utils@1 to /home/toopsi/.config/discord/0.0.47/modules/pending/discord_game_utils-1.zip
2024-03-26T19:41:07.932Z [Modules] Installing discord_krisp@1 from /home/toopsi/.config/discord/0.0.47/modules/pending/discord_krisp-1.zip
2024-03-26T19:41:08.196Z [Modules] Streaming discord_game_utils@1 to /home/toopsi/.config/discord/0.0.47/modules/pending/discord_game_utils-1.zip: 1%
2024-03-26T19:41:08.199Z [Modules] Streaming discord_game_utils@1 to /home/toopsi/.config/discord/0.0.47/modules/pending/discord_game_utils-1.zip: 4%
2024-03-26T19:41:08.204Z [Modules] Streaming discord_game_utils@1 to /home/toopsi/.config/discord/0.0.47/modules/pending/discord_game_utils-1.zip: 7%
2024-03-26T19:41:08.209Z [Modules] Streaming discord_game_utils@1 to /home/toopsi/.config/discord/0.0.47/modules/pending/discord_game_utils-1.zip: 9%
2024-03-26T19:41:08.209Z [Modules] Streaming discord_game_utils@1 to /home/toopsi/.config/discord/0.0.47/modules/pending/discord_game_utils-1.zip: 10%
2024-03-26T19:41:08.210Z [Modules] Streaming discord_game_utils@1 to /home/toopsi/.config/discord/0.0.47/modules/pending/discord_game_utils-1.zip: 12%
2024-03-26T19:41:08.215Z [Modules] Streaming discord_game_utils@1 to /home/toopsi/.config/discord/0.0.47/modules/pending/discord_game_utils-1.zip: 15%
2024-03-26T19:41:08.219Z [Modules] Streaming discord_game_utils@1 to /home/toopsi/.config/discord/0.0.47/modules/pending/discord_game_utils-1.zip: 18%
2024-03-26T19:41:08.347Z [Modules] Finished module installations. [success: 1] [failure: 0]
2024-03-26T19:41:08.368Z [Modules] Streaming discord_game_utils@1 to /home/toopsi/.config/discord/0.0.47/modules/pending/discord_game_utils-1.zip: 20%
2024-03-26T19:41:08.369Z [Modules] Streaming discord_game_utils@1 to /home/toopsi/.config/discord/0.0.47/modules/pending/discord_game_utils-1.zip: 23%
2024-03-26T19:41:08.369Z [Modules] Streaming discord_game_utils@1 to /home/toopsi/.config/discord/0.0.47/modules/pending/discord_game_utils-1.zip: 26%
2024-03-26T19:41:08.369Z [Modules] Streaming discord_game_utils@1 to /home/toopsi/.config/discord/0.0.47/modules/pending/discord_game_utils-1.zip: 29%
2024-03-26T19:41:08.370Z [Modules] Streaming discord_game_utils@1 to /home/toopsi/.config/discord/0.0.47/modules/pending/discord_game_utils-1.zip: 31%
2024-03-26T19:41:08.370Z [Modules] Streaming discord_game_utils@1 to /home/toopsi/.config/discord/0.0.47/modules/pending/discord_game_utils-1.zip: 34%
2024-03-26T19:41:08.370Z [Modules] Streaming discord_game_utils@1 to /home/toopsi/.config/discord/0.0.47/modules/pending/discord_game_utils-1.zip: 36%
2024-03-26T19:41:08.370Z [Modules] Streaming discord_game_utils@1 to /home/toopsi/.config/discord/0.0.47/modules/pending/discord_game_utils-1.zip: 39%
2024-03-26T19:41:08.370Z [Modules] Streaming discord_game_utils@1 to /home/toopsi/.config/discord/0.0.47/modules/pending/discord_game_utils-1.zip: 44%
2024-03-26T19:41:08.371Z [Modules] Streaming discord_game_utils@1 to /home/toopsi/.config/discord/0.0.47/modules/pending/discord_game_utils-1.zip: 47%
2024-03-26T19:41:08.371Z [Modules] Streaming discord_game_utils@1 to /home/toopsi/.config/discord/0.0.47/modules/pending/discord_game_utils-1.zip: 49%
2024-03-26T19:41:08.371Z [Modules] Streaming discord_game_utils@1 to /home/toopsi/.config/discord/0.0.47/modules/pending/discord_game_utils-1.zip: 52%
2024-03-26T19:41:08.371Z [Modules] Streaming discord_game_utils@1 to /home/toopsi/.config/discord/0.0.47/modules/pending/discord_game_utils-1.zip: 54%
2024-03-26T19:41:08.372Z [Modules] Streaming discord_game_utils@1 to /home/toopsi/.config/discord/0.0.47/modules/pending/discord_game_utils-1.zip: 57%
2024-03-26T19:41:08.372Z [Modules] Streaming discord_game_utils@1 to /home/toopsi/.config/discord/0.0.47/modules/pending/discord_game_utils-1.zip: 60%
2024-03-26T19:41:08.372Z [Modules] Streaming discord_game_utils@1 to /home/toopsi/.config/discord/0.0.47/modules/pending/discord_game_utils-1.zip: 65%
2024-03-26T19:41:08.372Z [Modules] Streaming discord_game_utils@1 to /home/toopsi/.config/discord/0.0.47/modules/pending/discord_game_utils-1.zip: 67%
2024-03-26T19:41:08.373Z [Modules] Streaming discord_game_utils@1 to /home/toopsi/.config/discord/0.0.47/modules/pending/discord_game_utils-1.zip: 70%
2024-03-26T19:41:08.373Z [Modules] Streaming discord_game_utils@1 to /home/toopsi/.config/discord/0.0.47/modules/pending/discord_game_utils-1.zip: 75%
2024-03-26T19:41:08.373Z [Modules] Streaming discord_game_utils@1 to /home/toopsi/.config/discord/0.0.47/modules/pending/discord_game_utils-1.zip: 80%
2024-03-26T19:41:08.373Z [Modules] Streaming discord_game_utils@1 to /home/toopsi/.config/discord/0.0.47/modules/pending/discord_game_utils-1.zip: 82%
2024-03-26T19:41:08.373Z [Modules] Streaming discord_game_utils@1 to /home/toopsi/.config/discord/0.0.47/modules/pending/discord_game_utils-1.zip: 85%
2024-03-26T19:41:08.374Z [Modules] Streaming discord_game_utils@1 to /home/toopsi/.config/discord/0.0.47/modules/pending/discord_game_utils-1.zip: 90%
2024-03-26T19:41:08.374Z [Modules] Streaming discord_game_utils@1 to /home/toopsi/.config/discord/0.0.47/modules/pending/discord_game_utils-1.zip: 95%
2024-03-26T19:41:08.374Z [Modules] Streaming discord_game_utils@1 to /home/toopsi/.config/discord/0.0.47/modules/pending/discord_game_utils-1.zip: 100%
2024-03-26T19:41:08.375Z [Modules] Finished module downloads. [success: 2] [failure: 0]
2024-03-26T19:41:08.375Z [Modules] Installing discord_game_utils@1 from /home/toopsi/.config/discord/0.0.47/modules/pending/discord_game_utils-1.zip
2024-03-26T19:41:08.410Z [Modules] Checking for host updates.
2024-03-26T19:41:08.442Z [Modules] Finished module installations. [success: 1] [failure: 0]
2024-03-26T19:41:08.551Z [Modules] Starting to install discord_rpc...
2024-03-26T19:41:08.551Z [Modules] Fetching discord_rpc@1 from https://discord.com/api/modules/stable/discord_rpc/1
2024-03-26T19:41:08.551Z [Modules] Streaming discord_rpc@1 to /home/toopsi/.config/discord/0.0.47/modules/pending/discord_rpc-1.zip
2024-03-26T19:41:08.562Z [Modules] Host is up to date.
2024-03-26T19:41:08.562Z [Modules] Checking for module updates at https://discord.com/api/modules/stable/versions.json
2024-03-26T19:41:08.564Z [Modules] No module updates available.
2024-03-26T19:41:08.760Z [Modules] Streaming discord_rpc@1 to /home/toopsi/.config/discord/0.0.47/modules/pending/discord_rpc-1.zip: 75%
2024-03-26T19:41:08.764Z [Modules] Streaming discord_rpc@1 to /home/toopsi/.config/discord/0.0.47/modules/pending/discord_rpc-1.zip: 100%
2024-03-26T19:41:08.765Z [Modules] Finished module downloads. [success: 1] [failure: 0]
2024-03-26T19:41:08.765Z [Modules] Installing discord_rpc@1 from /home/toopsi/.config/discord/0.0.47/modules/pending/discord_rpc-1.zip
2024-03-26T19:41:08.782Z [Modules] Finished module installations. [success: 1] [failure: 0]
2024-03-26T20:41:08.411Z [Modules] Checking for host updates.
2024-03-26T20:41:08.573Z [Modules] Host is up to date.
2024-03-26T20:41:08.573Z [Modules] Checking for module updates at https://discord.com/api/modules/stable/versions.json
2024-03-26T20:41:08.633Z [Modules] No module updates available.
2024-03-26T21:41:08.411Z [Modules] Checking for host updates.
2024-03-26T21:41:08.619Z [Modules] Host is up to date.
2024-03-26T21:41:08.619Z [Modules] Checking for module updates at https://discord.com/api/modules/stable/versions.json
2024-03-26T21:41:08.699Z [Modules] No module updates available.
2024-03-27T02:36:01.293Z [Modules] Modules initializing
2024-03-27T02:36:01.293Z [Modules] Distribution: remote
2024-03-27T02:36:01.293Z [Modules] Host updates: enabled
2024-03-27T02:36:01.293Z [Modules] Module updates: enabled
2024-03-27T02:36:01.294Z [Modules] Module install path: /home/toopsi/.config/discord/0.0.47/modules
2024-03-27T02:36:01.294Z [Modules] Module installed file path: /home/toopsi/.config/discord/0.0.47/modules/installed.json
2024-03-27T02:36:01.294Z [Modules] Module download path: /home/toopsi/.config/discord/0.0.47/modules/pending
2024-03-27T02:36:04.780Z [Modules] No updates to install
2024-03-27T02:36:04.781Z [Modules] Checking for host updates.
2024-03-27T02:36:05.617Z [Modules] Host is up to date.
2024-03-27T02:36:05.617Z [Modules] Checking for module updates at https://discord.com/api/modules/stable/versions.json
2024-03-27T02:36:05.664Z [Modules] No module updates available.
2024-03-27T02:36:11.769Z [Modules] Checking for host updates.
2024-03-27T02:36:11.899Z [Modules] Host is up to date.
2024-03-27T02:36:11.900Z [Modules] Checking for module updates at https://discord.com/api/modules/stable/versions.json
2024-03-27T02:36:11.903Z [Modules] No module updates available.
2024-03-27T03:18:30.597Z [Modules] Modules initializing
2024-03-27T03:18:30.597Z [Modules] Distribution: remote
2024-03-27T03:18:30.597Z [Modules] Host updates: enabled
2024-03-27T03:18:30.597Z [Modules] Module updates: enabled
2024-03-27T03:18:30.597Z [Modules] Module install path: /home/toopsi/.config/discord/0.0.47/modules
2024-03-27T03:18:30.597Z [Modules] Module installed file path: /home/toopsi/.config/discord/0.0.47/modules/installed.json
2024-03-27T03:18:30.597Z [Modules] Module download path: /home/toopsi/.config/discord/0.0.47/modules/pending
2024-03-27T03:18:30.793Z [Modules] No updates to install
2024-03-27T03:18:30.794Z [Modules] Checking for host updates.
2024-03-27T03:18:31.029Z [Modules] Host is up to date.
2024-03-27T03:18:31.029Z [Modules] Checking for module updates at https://discord.com/api/modules/stable/versions.json
2024-03-27T03:18:31.104Z [Modules] No module updates available.
2024-03-27T03:18:33.035Z [Modules] Checking for host updates.
2024-03-27T03:18:33.187Z [Modules] Host is up to date.
2024-03-27T03:18:33.187Z [Modules] Checking for module updates at https://discord.com/api/modules/stable/versions.json
2024-03-27T03:18:33.189Z [Modules] No module updates available.
2024-03-27T03:58:15.349Z [Modules] Modules initializing
2024-03-27T03:58:15.349Z [Modules] Distribution: remote
2024-03-27T03:58:15.349Z [Modules] Host updates: enabled
2024-03-27T03:58:15.349Z [Modules] Module updates: enabled
2024-03-27T03:58:15.350Z [Modules] Module install path: /home/toopsi/.config/discord/0.0.47/modules
2024-03-27T03:58:15.350Z [Modules] Module installed file path: /home/toopsi/.config/discord/0.0.47/modules/installed.json
2024-03-27T03:58:15.350Z [Modules] Module download path: /home/toopsi/.config/discord/0.0.47/modules/pending
2024-03-27T03:58:15.521Z [Modules] No updates to install
2024-03-27T03:58:15.522Z [Modules] Checking for host updates.
2024-03-27T03:58:20.891Z [Modules] Host is up to date.
2024-03-27T03:58:20.892Z [Modules] Checking for module updates at https://discord.com/api/modules/stable/versions.json
2024-03-27T03:58:20.959Z [Modules] No module updates available.
2024-03-27T03:58:22.904Z [Modules] Checking for host updates.
2024-03-27T03:58:23.046Z [Modules] Host is up to date.
2024-03-27T03:58:23.046Z [Modules] Checking for module updates at https://discord.com/api/modules/stable/versions.json
2024-03-27T03:58:23.048Z [Modules] No module updates available.
